{"C:\\Programming\\shopping-cart-rest-api\\models\\Item.js": {"path":"C:\\Programming\\shopping-cart-rest-api\\models\\Item.js","statementMap":{"0":{"start":{"line":1,"column":17},"end":{"line":1,"column":36}},"1":{"start":{"line":3,"column":19},"end":{"line":22,"column":2}},"2":{"start":{"line":25,"column":0},"end":{"line":25,"column":53}}},"fnMap":{},"branchMap":{},"s":{"0":2,"1":2,"2":2},"f":{},"b":{},"_coverageSchema":"1a1c01bbd47fc00a2c39e90264f33305004495a9","hash":"3fe8bf36e945af38d74ae5f996347f3860cc4436"}
,"C:\\Programming\\shopping-cart-rest-api\\models\\User.js": {"path":"C:\\Programming\\shopping-cart-rest-api\\models\\User.js","statementMap":{"0":{"start":{"line":1,"column":17},"end":{"line":1,"column":36}},"1":{"start":{"line":3,"column":19},"end":{"line":21,"column":2}},"2":{"start":{"line":24,"column":0},"end":{"line":24,"column":53}}},"fnMap":{},"branchMap":{},"s":{"0":2,"1":2,"2":2},"f":{},"b":{},"_coverageSchema":"1a1c01bbd47fc00a2c39e90264f33305004495a9","hash":"d8644afd9563291705e5c876278760bd6f5903ba"}
,"C:\\Programming\\shopping-cart-rest-api\\routes\\itemRoutes.js": {"path":"C:\\Programming\\shopping-cart-rest-api\\routes\\itemRoutes.js","statementMap":{"0":{"start":{"line":1,"column":16},"end":{"line":1,"column":34}},"1":{"start":{"line":2,"column":15},"end":{"line":2,"column":31}},"2":{"start":{"line":3,"column":13},"end":{"line":3,"column":38}},"3":{"start":{"line":4,"column":16},"end":{"line":4,"column":34}},"4":{"start":{"line":6,"column":15},"end":{"line":15,"column":2}},"5":{"start":{"line":17,"column":0},"end":{"line":24,"column":3}},"6":{"start":{"line":18,"column":2},"end":{"line":23,"column":3}},"7":{"start":{"line":19,"column":18},"end":{"line":19,"column":35}},"8":{"start":{"line":20,"column":4},"end":{"line":20,"column":20}},"9":{"start":{"line":22,"column":4},"end":{"line":22,"column":31}},"10":{"start":{"line":26,"column":0},"end":{"line":33,"column":3}},"11":{"start":{"line":27,"column":2},"end":{"line":32,"column":3}},"12":{"start":{"line":28,"column":23},"end":{"line":28,"column":61}},"13":{"start":{"line":29,"column":4},"end":{"line":29,"column":25}},"14":{"start":{"line":31,"column":4},"end":{"line":31,"column":33}},"15":{"start":{"line":35,"column":0},"end":{"line":52,"column":3}},"16":{"start":{"line":38,"column":15},"end":{"line":43,"column":4}},"17":{"start":{"line":45,"column":2},"end":{"line":51,"column":3}},"18":{"start":{"line":46,"column":20},"end":{"line":46,"column":37}},"19":{"start":{"line":47,"column":6},"end":{"line":47,"column":24}},"20":{"start":{"line":48,"column":6},"end":{"line":48,"column":41}},"21":{"start":{"line":50,"column":4},"end":{"line":50,"column":36}},"22":{"start":{"line":54,"column":0},"end":{"line":81,"column":3}},"23":{"start":{"line":55,"column":2},"end":{"line":80,"column":3}},"24":{"start":{"line":58,"column":4},"end":{"line":77,"column":5}},"25":{"start":{"line":59,"column":22},"end":{"line":59,"column":70}},"26":{"start":{"line":60,"column":6},"end":{"line":60,"column":97}},"27":{"start":{"line":61,"column":6},"end":{"line":61,"column":24}},"28":{"start":{"line":63,"column":26},"end":{"line":74,"column":5}},"29":{"start":{"line":75,"column":4},"end":{"line":75,"column":45}},"30":{"start":{"line":76,"column":4},"end":{"line":76,"column":26}},"31":{"start":{"line":79,"column":6},"end":{"line":79,"column":33}},"32":{"start":{"line":83,"column":0},"end":{"line":91,"column":3}},"33":{"start":{"line":84,"column":2},"end":{"line":90,"column":3}},"34":{"start":{"line":85,"column":20},"end":{"line":85,"column":68}},"35":{"start":{"line":86,"column":4},"end":{"line":86,"column":22}},"36":{"start":{"line":87,"column":4},"end":{"line":87,"column":62}},"37":{"start":{"line":89,"column":4},"end":{"line":89,"column":31}},"38":{"start":{"line":93,"column":0},"end":{"line":118,"column":3}},"39":{"start":{"line":94,"column":2},"end":{"line":117,"column":3}},"40":{"start":{"line":95,"column":23},"end":{"line":95,"column":25}},"41":{"start":{"line":96,"column":4},"end":{"line":110,"column":3}},"42":{"start":{"line":96,"column":17},"end":{"line":96,"column":18}},"43":{"start":{"line":97,"column":6},"end":{"line":108,"column":6}},"44":{"start":{"line":109,"column":4},"end":{"line":109,"column":41}},"45":{"start":{"line":112,"column":4},"end":{"line":112,"column":75}},"46":{"start":{"line":112,"column":67},"end":{"line":112,"column":72}},"47":{"start":{"line":113,"column":4},"end":{"line":113,"column":27}},"48":{"start":{"line":116,"column":4},"end":{"line":116,"column":31}},"49":{"start":{"line":122,"column":0},"end":{"line":122,"column":24}}},"fnMap":{"0":{"name":"(anonymous_0)","decl":{"start":{"line":17,"column":19},"end":{"line":17,"column":20}},"loc":{"start":{"line":17,"column":39},"end":{"line":24,"column":1}},"line":17},"1":{"name":"(anonymous_1)","decl":{"start":{"line":26,"column":23},"end":{"line":26,"column":24}},"loc":{"start":{"line":26,"column":43},"end":{"line":33,"column":1}},"line":26},"2":{"name":"(anonymous_2)","decl":{"start":{"line":35,"column":17},"end":{"line":35,"column":18}},"loc":{"start":{"line":35,"column":37},"end":{"line":52,"column":1}},"line":35},"3":{"name":"(anonymous_3)","decl":{"start":{"line":54,"column":25},"end":{"line":54,"column":26}},"loc":{"start":{"line":54,"column":45},"end":{"line":81,"column":1}},"line":54},"4":{"name":"(anonymous_4)","decl":{"start":{"line":83,"column":26},"end":{"line":83,"column":27}},"loc":{"start":{"line":83,"column":46},"end":{"line":91,"column":1}},"line":83},"5":{"name":"(anonymous_5)","decl":{"start":{"line":93,"column":31},"end":{"line":93,"column":32}},"loc":{"start":{"line":93,"column":51},"end":{"line":118,"column":1}},"line":93},"6":{"name":"(anonymous_6)","decl":{"start":{"line":112,"column":58},"end":{"line":112,"column":59}},"loc":{"start":{"line":112,"column":67},"end":{"line":112,"column":72}},"line":112}},"branchMap":{"0":{"loc":{"start":{"line":58,"column":4},"end":{"line":77,"column":5}},"type":"if","locations":[{"start":{"line":58,"column":4},"end":{"line":77,"column":5}},{"start":{"line":62,"column":11},"end":{"line":77,"column":5}}],"line":58}},"s":{"0":2,"1":2,"2":2,"3":2,"4":2,"5":2,"6":7,"7":7,"8":7,"9":0,"10":2,"11":4,"12":4,"13":4,"14":0,"15":2,"16":1,"17":1,"18":1,"19":1,"20":1,"21":0,"22":2,"23":2,"24":2,"25":0,"26":0,"27":0,"28":2,"29":2,"30":2,"31":0,"32":2,"33":1,"34":1,"35":1,"36":1,"37":0,"38":2,"39":1,"40":1,"41":1,"42":1,"43":2,"44":2,"45":1,"46":2,"47":1,"48":0,"49":2},"f":{"0":7,"1":4,"2":1,"3":2,"4":1,"5":1,"6":2},"b":{"0":[0,2]},"_coverageSchema":"1a1c01bbd47fc00a2c39e90264f33305004495a9","hash":"594fcf9b40d95a5214b70b5a540bb8f0edec65b1"}
,"C:\\Programming\\shopping-cart-rest-api\\routes\\userRoutes.js": {"path":"C:\\Programming\\shopping-cart-rest-api\\routes\\userRoutes.js","statementMap":{"0":{"start":{"line":1,"column":16},"end":{"line":1,"column":34}},"1":{"start":{"line":2,"column":15},"end":{"line":2,"column":31}},"2":{"start":{"line":3,"column":13},"end":{"line":3,"column":38}},"3":{"start":{"line":4,"column":16},"end":{"line":4,"column":34}},"4":{"start":{"line":5,"column":15},"end":{"line":5,"column":32}},"5":{"start":{"line":7,"column":15},"end":{"line":16,"column":2}},"6":{"start":{"line":18,"column":0},"end":{"line":25,"column":3}},"7":{"start":{"line":19,"column":2},"end":{"line":24,"column":3}},"8":{"start":{"line":20,"column":18},"end":{"line":20,"column":35}},"9":{"start":{"line":21,"column":4},"end":{"line":21,"column":20}},"10":{"start":{"line":23,"column":4},"end":{"line":23,"column":31}},"11":{"start":{"line":27,"column":0},"end":{"line":45,"column":3}},"12":{"start":{"line":30,"column":15},"end":{"line":35,"column":4}},"13":{"start":{"line":37,"column":2},"end":{"line":44,"column":3}},"14":{"start":{"line":38,"column":4},"end":{"line":38,"column":57}},"15":{"start":{"line":39,"column":20},"end":{"line":39,"column":37}},"16":{"start":{"line":40,"column":6},"end":{"line":40,"column":24}},"17":{"start":{"line":41,"column":6},"end":{"line":41,"column":41}},"18":{"start":{"line":43,"column":4},"end":{"line":43,"column":44}},"19":{"start":{"line":47,"column":0},"end":{"line":54,"column":3}},"20":{"start":{"line":48,"column":2},"end":{"line":53,"column":3}},"21":{"start":{"line":49,"column":23},"end":{"line":49,"column":61}},"22":{"start":{"line":50,"column":4},"end":{"line":50,"column":25}},"23":{"start":{"line":52,"column":4},"end":{"line":52,"column":33}},"24":{"start":{"line":56,"column":0},"end":{"line":76,"column":3}},"25":{"start":{"line":57,"column":2},"end":{"line":75,"column":3}},"26":{"start":{"line":58,"column":22},"end":{"line":69,"column":5}},"27":{"start":{"line":70,"column":4},"end":{"line":70,"column":44}},"28":{"start":{"line":71,"column":4},"end":{"line":71,"column":22}},"29":{"start":{"line":74,"column":6},"end":{"line":74,"column":33}},"30":{"start":{"line":78,"column":0},"end":{"line":86,"column":3}},"31":{"start":{"line":79,"column":2},"end":{"line":85,"column":3}},"32":{"start":{"line":80,"column":20},"end":{"line":80,"column":68}},"33":{"start":{"line":81,"column":4},"end":{"line":81,"column":22}},"34":{"start":{"line":82,"column":4},"end":{"line":82,"column":62}},"35":{"start":{"line":84,"column":4},"end":{"line":84,"column":31}},"36":{"start":{"line":88,"column":0},"end":{"line":88,"column":24}}},"fnMap":{"0":{"name":"(anonymous_0)","decl":{"start":{"line":18,"column":19},"end":{"line":18,"column":20}},"loc":{"start":{"line":18,"column":39},"end":{"line":25,"column":1}},"line":18},"1":{"name":"(anonymous_1)","decl":{"start":{"line":27,"column":17},"end":{"line":27,"column":18}},"loc":{"start":{"line":27,"column":37},"end":{"line":45,"column":1}},"line":27},"2":{"name":"(anonymous_2)","decl":{"start":{"line":47,"column":23},"end":{"line":47,"column":24}},"loc":{"start":{"line":47,"column":43},"end":{"line":54,"column":1}},"line":47},"3":{"name":"(anonymous_3)","decl":{"start":{"line":56,"column":25},"end":{"line":56,"column":26}},"loc":{"start":{"line":56,"column":45},"end":{"line":76,"column":1}},"line":56},"4":{"name":"(anonymous_4)","decl":{"start":{"line":78,"column":26},"end":{"line":78,"column":27}},"loc":{"start":{"line":78,"column":46},"end":{"line":86,"column":1}},"line":78}},"branchMap":{},"s":{"0":2,"1":2,"2":2,"3":2,"4":2,"5":2,"6":2,"7":4,"8":4,"9":4,"10":0,"11":2,"12":3,"13":3,"14":3,"15":3,"16":1,"17":1,"18":2,"19":2,"20":2,"21":2,"22":2,"23":0,"24":2,"25":2,"26":2,"27":1,"28":1,"29":1,"30":2,"31":1,"32":1,"33":1,"34":1,"35":0,"36":2},"f":{"0":4,"1":3,"2":2,"3":2,"4":1},"b":{},"_coverageSchema":"1a1c01bbd47fc00a2c39e90264f33305004495a9","hash":"709f8cb722b82c8b578be24f8516267c506344ec"}
,"C:\\Programming\\shopping-cart-rest-api\\tests\\configs\\mongoDB.js": {"path":"C:\\Programming\\shopping-cart-rest-api\\tests\\configs\\mongoDB.js","statementMap":{"0":{"start":{"line":2,"column":30},"end":{"line":2,"column":62}},"1":{"start":{"line":3,"column":17},"end":{"line":3,"column":36}},"2":{"start":{"line":5,"column":18},"end":{"line":12,"column":1}},"3":{"start":{"line":6,"column":18},"end":{"line":6,"column":50}},"4":{"start":{"line":7,"column":21},"end":{"line":7,"column":35}},"5":{"start":{"line":8,"column":4},"end":{"line":11,"column":6}},"6":{"start":{"line":14,"column":0},"end":{"line":14,"column":39}}},"fnMap":{"0":{"name":"(anonymous_0)","decl":{"start":{"line":5,"column":18},"end":{"line":5,"column":19}},"loc":{"start":{"line":5,"column":30},"end":{"line":12,"column":1}},"line":5}},"branchMap":{},"s":{"0":2,"1":2,"2":2,"3":2,"4":2,"5":2,"6":2},"f":{"0":2},"b":{},"_coverageSchema":"1a1c01bbd47fc00a2c39e90264f33305004495a9","hash":"04f06e3f4561e05297103d1f5cf77943dc0d0538"}
,"C:\\Programming\\shopping-cart-rest-api\\tests\\configs\\server.js": {"path":"C:\\Programming\\shopping-cart-rest-api\\tests\\configs\\server.js","statementMap":{"0":{"start":{"line":2,"column":16},"end":{"line":2,"column":34}},"1":{"start":{"line":5,"column":12},"end":{"line":5,"column":21}},"2":{"start":{"line":7,"column":19},"end":{"line":7,"column":41}},"3":{"start":{"line":9,"column":0},"end":{"line":9,"column":27}},"4":{"start":{"line":12,"column":18},"end":{"line":12,"column":52}},"5":{"start":{"line":13,"column":18},"end":{"line":13,"column":52}},"6":{"start":{"line":16,"column":0},"end":{"line":16,"column":28}},"7":{"start":{"line":17,"column":0},"end":{"line":17,"column":28}},"8":{"start":{"line":19,"column":17},"end":{"line":19,"column":29}},"9":{"start":{"line":21,"column":0},"end":{"line":21,"column":32}},"10":{"start":{"line":22,"column":0},"end":{"line":22,"column":35}}},"fnMap":{},"branchMap":{},"s":{"0":2,"1":2,"2":2,"3":2,"4":2,"5":2,"6":2,"7":2,"8":2,"9":2,"10":2},"f":{},"b":{},"_coverageSchema":"1a1c01bbd47fc00a2c39e90264f33305004495a9","hash":"9d2279f0e86d3b5bdda4e980ef7377c7ab2e0043"}
}
