{"C:\\Programming\\shopping-cart-rest-api\\app.js": {"path":"C:\\Programming\\shopping-cart-rest-api\\app.js","statementMap":{"0":{"start":{"line":2,"column":16},"end":{"line":2,"column":34}},"1":{"start":{"line":3,"column":17},"end":{"line":3,"column":36}},"2":{"start":{"line":4,"column":13},"end":{"line":4,"column":28}},"3":{"start":{"line":5,"column":13},"end":{"line":5,"column":37}},"4":{"start":{"line":6,"column":17},"end":{"line":6,"column":53}},"5":{"start":{"line":7,"column":0},"end":{"line":7,"column":25}},"6":{"start":{"line":10,"column":12},"end":{"line":10,"column":21}},"7":{"start":{"line":12,"column":19},"end":{"line":12,"column":41}},"8":{"start":{"line":14,"column":0},"end":{"line":14,"column":27}},"9":{"start":{"line":16,"column":0},"end":{"line":18,"column":4}},"10":{"start":{"line":21,"column":0},"end":{"line":25,"column":2}},"11":{"start":{"line":28,"column":0},"end":{"line":28,"column":29}},"12":{"start":{"line":30,"column":0},"end":{"line":30,"column":26}},"13":{"start":{"line":33,"column":0},"end":{"line":33,"column":71}},"14":{"start":{"line":36,"column":18},"end":{"line":36,"column":48}},"15":{"start":{"line":39,"column":0},"end":{"line":39,"column":28}},"16":{"start":{"line":41,"column":0},"end":{"line":41,"column":17}},"17":{"start":{"line":43,"column":0},"end":{"line":43,"column":28}}},"fnMap":{"0":{"name":"(anonymous_0)","decl":{"start":{"line":24,"column":2},"end":{"line":24,"column":3}},"loc":{"start":{"line":24,"column":8},"end":{"line":24,"column":10}},"line":24},"1":{"name":"(anonymous_1)","decl":{"start":{"line":28,"column":20},"end":{"line":28,"column":21}},"loc":{"start":{"line":28,"column":26},"end":{"line":28,"column":28}},"line":28}},"branchMap":{},"s":{"0":1,"1":1,"2":1,"3":1,"4":1,"5":1,"6":1,"7":1,"8":1,"9":1,"10":1,"11":1,"12":1,"13":1,"14":1,"15":1,"16":1,"17":1},"f":{"0":1,"1":1},"b":{},"_coverageSchema":"1a1c01bbd47fc00a2c39e90264f33305004495a9","hash":"b30325d531d9395de608516ca0b79186b866171d"}
,"C:\\Programming\\shopping-cart-rest-api\\models\\Item.js": {"path":"C:\\Programming\\shopping-cart-rest-api\\models\\Item.js","statementMap":{"0":{"start":{"line":1,"column":17},"end":{"line":1,"column":36}},"1":{"start":{"line":3,"column":19},"end":{"line":22,"column":2}},"2":{"start":{"line":25,"column":0},"end":{"line":25,"column":53}}},"fnMap":{},"branchMap":{},"s":{"0":1,"1":1,"2":1},"f":{},"b":{},"_coverageSchema":"1a1c01bbd47fc00a2c39e90264f33305004495a9","hash":"3fe8bf36e945af38d74ae5f996347f3860cc4436"}
,"C:\\Programming\\shopping-cart-rest-api\\routes\\itemRoutes.js": {"path":"C:\\Programming\\shopping-cart-rest-api\\routes\\itemRoutes.js","statementMap":{"0":{"start":{"line":1,"column":16},"end":{"line":1,"column":34}},"1":{"start":{"line":2,"column":15},"end":{"line":2,"column":31}},"2":{"start":{"line":3,"column":13},"end":{"line":3,"column":38}},"3":{"start":{"line":4,"column":16},"end":{"line":4,"column":34}},"4":{"start":{"line":5,"column":19},"end":{"line":5,"column":38}},"5":{"start":{"line":7,"column":15},"end":{"line":16,"column":2}},"6":{"start":{"line":18,"column":0},"end":{"line":26,"column":3}},"7":{"start":{"line":19,"column":2},"end":{"line":25,"column":3}},"8":{"start":{"line":20,"column":18},"end":{"line":20,"column":35}},"9":{"start":{"line":21,"column":4},"end":{"line":21,"column":20}},"10":{"start":{"line":22,"column":4},"end":{"line":22,"column":37}},"11":{"start":{"line":24,"column":4},"end":{"line":24,"column":31}},"12":{"start":{"line":28,"column":0},"end":{"line":35,"column":3}},"13":{"start":{"line":29,"column":2},"end":{"line":34,"column":3}},"14":{"start":{"line":30,"column":23},"end":{"line":30,"column":61}},"15":{"start":{"line":31,"column":4},"end":{"line":31,"column":25}},"16":{"start":{"line":33,"column":4},"end":{"line":33,"column":33}},"17":{"start":{"line":37,"column":0},"end":{"line":54,"column":3}},"18":{"start":{"line":40,"column":15},"end":{"line":45,"column":4}},"19":{"start":{"line":47,"column":2},"end":{"line":53,"column":3}},"20":{"start":{"line":48,"column":20},"end":{"line":48,"column":37}},"21":{"start":{"line":49,"column":6},"end":{"line":49,"column":24}},"22":{"start":{"line":50,"column":6},"end":{"line":50,"column":41}},"23":{"start":{"line":52,"column":4},"end":{"line":52,"column":36}},"24":{"start":{"line":56,"column":0},"end":{"line":83,"column":3}},"25":{"start":{"line":57,"column":2},"end":{"line":82,"column":3}},"26":{"start":{"line":60,"column":4},"end":{"line":79,"column":5}},"27":{"start":{"line":61,"column":22},"end":{"line":61,"column":70}},"28":{"start":{"line":62,"column":6},"end":{"line":62,"column":97}},"29":{"start":{"line":63,"column":6},"end":{"line":63,"column":24}},"30":{"start":{"line":65,"column":26},"end":{"line":76,"column":5}},"31":{"start":{"line":77,"column":4},"end":{"line":77,"column":45}},"32":{"start":{"line":78,"column":4},"end":{"line":78,"column":26}},"33":{"start":{"line":81,"column":6},"end":{"line":81,"column":33}},"34":{"start":{"line":85,"column":0},"end":{"line":93,"column":3}},"35":{"start":{"line":86,"column":2},"end":{"line":92,"column":3}},"36":{"start":{"line":87,"column":20},"end":{"line":87,"column":68}},"37":{"start":{"line":88,"column":4},"end":{"line":88,"column":22}},"38":{"start":{"line":89,"column":4},"end":{"line":89,"column":62}},"39":{"start":{"line":91,"column":4},"end":{"line":91,"column":31}},"40":{"start":{"line":95,"column":0},"end":{"line":120,"column":3}},"41":{"start":{"line":96,"column":2},"end":{"line":119,"column":3}},"42":{"start":{"line":97,"column":23},"end":{"line":97,"column":25}},"43":{"start":{"line":98,"column":4},"end":{"line":112,"column":3}},"44":{"start":{"line":98,"column":17},"end":{"line":98,"column":18}},"45":{"start":{"line":99,"column":6},"end":{"line":110,"column":6}},"46":{"start":{"line":111,"column":4},"end":{"line":111,"column":41}},"47":{"start":{"line":114,"column":4},"end":{"line":114,"column":75}},"48":{"start":{"line":114,"column":67},"end":{"line":114,"column":72}},"49":{"start":{"line":115,"column":4},"end":{"line":115,"column":27}},"50":{"start":{"line":118,"column":4},"end":{"line":118,"column":31}},"51":{"start":{"line":124,"column":0},"end":{"line":124,"column":24}}},"fnMap":{"0":{"name":"(anonymous_0)","decl":{"start":{"line":18,"column":19},"end":{"line":18,"column":20}},"loc":{"start":{"line":18,"column":39},"end":{"line":26,"column":1}},"line":18},"1":{"name":"(anonymous_1)","decl":{"start":{"line":28,"column":23},"end":{"line":28,"column":24}},"loc":{"start":{"line":28,"column":43},"end":{"line":35,"column":1}},"line":28},"2":{"name":"(anonymous_2)","decl":{"start":{"line":37,"column":17},"end":{"line":37,"column":18}},"loc":{"start":{"line":37,"column":37},"end":{"line":54,"column":1}},"line":37},"3":{"name":"(anonymous_3)","decl":{"start":{"line":56,"column":25},"end":{"line":56,"column":26}},"loc":{"start":{"line":56,"column":45},"end":{"line":83,"column":1}},"line":56},"4":{"name":"(anonymous_4)","decl":{"start":{"line":85,"column":26},"end":{"line":85,"column":27}},"loc":{"start":{"line":85,"column":46},"end":{"line":93,"column":1}},"line":85},"5":{"name":"(anonymous_5)","decl":{"start":{"line":95,"column":31},"end":{"line":95,"column":32}},"loc":{"start":{"line":95,"column":51},"end":{"line":120,"column":1}},"line":95},"6":{"name":"(anonymous_6)","decl":{"start":{"line":114,"column":58},"end":{"line":114,"column":59}},"loc":{"start":{"line":114,"column":67},"end":{"line":114,"column":72}},"line":114}},"branchMap":{"0":{"loc":{"start":{"line":60,"column":4},"end":{"line":79,"column":5}},"type":"if","locations":[{"start":{"line":60,"column":4},"end":{"line":79,"column":5}},{"start":{"line":64,"column":11},"end":{"line":79,"column":5}}],"line":60}},"s":{"0":1,"1":1,"2":1,"3":1,"4":1,"5":1,"6":1,"7":1,"8":1,"9":1,"10":1,"11":0,"12":1,"13":4,"14":4,"15":4,"16":0,"17":1,"18":1,"19":1,"20":1,"21":1,"22":1,"23":0,"24":1,"25":1,"26":1,"27":0,"28":0,"29":0,"30":1,"31":1,"32":1,"33":0,"34":1,"35":1,"36":1,"37":1,"38":1,"39":0,"40":1,"41":1,"42":1,"43":1,"44":1,"45":2,"46":2,"47":1,"48":2,"49":1,"50":0,"51":1},"f":{"0":1,"1":4,"2":1,"3":1,"4":1,"5":1,"6":2},"b":{"0":[0,1]},"_coverageSchema":"1a1c01bbd47fc00a2c39e90264f33305004495a9","hash":"3d945b29fe9c2b3da10ebcfa12f7ca4cf04eea86"}
}
