TN:
SF:models\Item.js
FNF:0
FNH:0
DA:1,2
DA:3,2
DA:25,2
LF:3
LH:3
BRF:0
BRH:0
end_of_record
TN:
SF:models\User.js
FNF:0
FNH:0
DA:1,2
DA:3,2
DA:24,2
LF:3
LH:3
BRF:0
BRH:0
end_of_record
TN:
SF:routes\itemRoutes.js
FN:17,(anonymous_0)
FN:26,(anonymous_1)
FN:35,(anonymous_2)
FN:54,(anonymous_3)
FN:83,(anonymous_4)
FN:93,(anonymous_5)
FN:112,(anonymous_6)
FNF:7
FNH:7
FNDA:7,(anonymous_0)
FNDA:4,(anonymous_1)
FNDA:1,(anonymous_2)
FNDA:2,(anonymous_3)
FNDA:1,(anonymous_4)
FNDA:1,(anonymous_5)
FNDA:2,(anonymous_6)
DA:1,2
DA:2,2
DA:3,2
DA:4,2
DA:6,2
DA:17,2
DA:18,7
DA:19,7
DA:20,7
DA:22,0
DA:26,2
DA:27,4
DA:28,4
DA:29,4
DA:31,0
DA:35,2
DA:38,1
DA:45,1
DA:46,1
DA:47,1
DA:48,1
DA:50,0
DA:54,2
DA:55,2
DA:58,2
DA:59,0
DA:60,0
DA:61,0
DA:63,2
DA:75,2
DA:76,2
DA:79,0
DA:83,2
DA:84,1
DA:85,1
DA:86,1
DA:87,1
DA:89,0
DA:93,2
DA:94,1
DA:95,1
DA:96,1
DA:97,2
DA:109,2
DA:112,2
DA:113,1
DA:116,0
DA:122,2
LF:48
LH:39
BRDA:58,0,0,0
BRDA:58,0,1,2
BRF:2
BRH:1
end_of_record
TN:
SF:routes\userRoutes.js
FN:19,(anonymous_0)
FN:28,(anonymous_1)
FN:48,(anonymous_2)
FN:57,(anonymous_3)
FN:78,(anonymous_4)
FN:88,(anonymous_5)
FNF:6
FNH:5
FNDA:4,(anonymous_0)
FNDA:3,(anonymous_1)
FNDA:2,(anonymous_2)
FNDA:2,(anonymous_3)
FNDA:1,(anonymous_4)
FNDA:0,(anonymous_5)
DA:1,2
DA:2,2
DA:3,2
DA:4,2
DA:5,2
DA:6,2
DA:8,2
DA:19,2
DA:20,4
DA:21,4
DA:22,4
DA:24,0
DA:28,2
DA:31,3
DA:38,3
DA:39,3
DA:40,3
DA:41,1
DA:42,1
DA:44,2
DA:48,2
DA:49,2
DA:50,2
DA:51,2
DA:53,0
DA:57,2
DA:58,2
DA:59,2
DA:71,1
DA:72,1
DA:74,1
DA:78,2
DA:79,1
DA:80,1
DA:81,1
DA:82,1
DA:84,0
DA:88,2
DA:90,0
DA:93,0
DA:94,0
DA:97,0
DA:98,0
DA:106,0
DA:107,0
DA:110,0
DA:114,2
LF:47
LH:36
BRDA:97,0,0,0
BRDA:97,0,1,0
BRDA:97,1,0,0
BRDA:97,1,1,0
BRF:4
BRH:0
end_of_record
TN:
SF:security\securityUtils.js
FN:3,(anonymous_0)
FNF:1
FNH:0
FNDA:0,(anonymous_0)
DA:1,2
DA:3,2
DA:4,0
DA:7,2
LF:4
LH:3
BRF:0
BRH:0
end_of_record
TN:
SF:tests\configs\mongoDB.js
FN:5,(anonymous_0)
FNF:1
FNH:1
FNDA:2,(anonymous_0)
DA:2,2
DA:3,2
DA:5,2
DA:6,2
DA:7,2
DA:8,2
DA:14,2
LF:7
LH:7
BRF:0
BRH:0
end_of_record
TN:
SF:tests\configs\server.js
FNF:0
FNH:0
DA:2,2
DA:5,2
DA:7,2
DA:9,2
DA:12,2
DA:13,2
DA:16,2
DA:17,2
DA:19,2
DA:21,2
DA:22,2
LF:11
LH:11
BRF:0
BRH:0
end_of_record
