TN:
SF:app.js
FN:24,(anonymous_0)
FN:28,(anonymous_1)
FNF:2
FNH:2
FNDA:1,(anonymous_0)
FNDA:1,(anonymous_1)
DA:2,1
DA:3,1
DA:4,1
DA:5,1
DA:6,1
DA:7,1
DA:10,1
DA:12,1
DA:14,1
DA:16,1
DA:21,1
DA:28,1
DA:30,1
DA:33,1
DA:36,1
DA:39,1
DA:41,1
DA:43,1
LF:18
LH:18
BRF:0
BRH:0
end_of_record
TN:
SF:models\Item.js
FNF:0
FNH:0
DA:1,1
DA:3,1
DA:25,1
LF:3
LH:3
BRF:0
BRH:0
end_of_record
TN:
SF:routes\itemRoutes.js
FN:18,(anonymous_0)
FN:28,(anonymous_1)
FN:37,(anonymous_2)
FN:56,(anonymous_3)
FN:85,(anonymous_4)
FN:95,(anonymous_5)
FN:114,(anonymous_6)
FNF:7
FNH:7
FNDA:1,(anonymous_0)
FNDA:4,(anonymous_1)
FNDA:1,(anonymous_2)
FNDA:1,(anonymous_3)
FNDA:1,(anonymous_4)
FNDA:1,(anonymous_5)
FNDA:2,(anonymous_6)
DA:1,1
DA:2,1
DA:3,1
DA:4,1
DA:5,1
DA:7,1
DA:18,1
DA:19,1
DA:20,1
DA:21,1
DA:22,1
DA:24,0
DA:28,1
DA:29,4
DA:30,4
DA:31,4
DA:33,0
DA:37,1
DA:40,1
DA:47,1
DA:48,1
DA:49,1
DA:50,1
DA:52,0
DA:56,1
DA:57,1
DA:60,1
DA:61,0
DA:62,0
DA:63,0
DA:65,1
DA:77,1
DA:78,1
DA:81,0
DA:85,1
DA:86,1
DA:87,1
DA:88,1
DA:89,1
DA:91,0
DA:95,1
DA:96,1
DA:97,1
DA:98,1
DA:99,2
DA:111,2
DA:114,2
DA:115,1
DA:118,0
DA:124,1
LF:50
LH:41
BRDA:60,0,0,0
BRDA:60,0,1,1
BRF:2
BRH:1
end_of_record
